<?xml version="1.0" encoding="UTF-8"?>
<!-- Generated by org.testng.reporters.JUnitXMLReporter -->
<testsuite ignored="0" hostname="LAPTOP-4JTKA1AB" failures="0" tests="5" name="FlyDubai flight ticket Booking" time="132.275" errors="0" timestamp="14 Mar 2024 07:04:35 GMT">
  <testcase classname="com.crm.qa.testcases.FlightBooking" name="SelectDepartureReturnTest" time="42.782"/>
  <testcase classname="com.crm.qa.testcases.FlightBooking" name="FlightSelectionPageTest" time="13.366"/>
  <testcase classname="com.crm.qa.testcases.FlightBooking" name="AddExtraBaggageAndGetFlightDetailsTest" time="25.255"/>
  <testcase classname="com.crm.qa.testcases.FlightBooking" name="ReviewBookingTest" time="17.334"/>
  <testcase classname="com.crm.qa.testcases.FlightBooking" name="ValidateFlightSummaryDetailsTest" time="12.84"/>
</testsuite> <!-- FlyDubai flight ticket Booking -->
