<?xml version="1.0" encoding="UTF-8"?>
<!-- Generated by org.testng.reporters.JUnitXMLReporter -->
<testsuite ignored="0" hostname="LAPTOP-4JTKA1AB" failures="0" tests="5" name="Default test" time="156.521" errors="0" timestamp="13 Mar 2024 17:00:37 GMT">
  <testcase classname="com.crm.qa.testcases.LoginPageTest" name="SelectDepartureReturnTest" time="45.085"/>
  <testcase classname="com.crm.qa.testcases.LoginPageTest" name="FlightSelectionPageTest" time="21.185"/>
  <testcase classname="com.crm.qa.testcases.LoginPageTest" name="AddExtraBaggageAndGetFlightDetailsTest" time="25.307"/>
  <testcase classname="com.crm.qa.testcases.LoginPageTest" name="ReviewBookingTest" time="21.594"/>
  <testcase classname="com.crm.qa.testcases.LoginPageTest" name="ValidateFlightSummaryDetailsTest" time="12.704"/>
</testsuite> <!-- Default test -->
