<?xml version="1.0" encoding="UTF-8"?>
<testng-results ignored="0" total="5" passed="5" failed="0" skipped="0">
  <reporter-output>
  </reporter-output>
  <suite started-at="2024-03-14T06:21:07Z" name="FLY DUBAI Test Automation Test Suite" finished-at="2024-03-14T06:23:26Z" duration-ms="138910">
    <groups>
    </groups>
    <test started-at="2024-03-14T06:21:07Z" name="FlyDubai flight ticket Booking" finished-at="2024-03-14T06:23:26Z" duration-ms="138910">
      <class name="com.crm.qa.testcases.FlightBooking">
        <test-method is-config="true" signature="setUp()[pri:0, instance:com.crm.qa.testcases.FlightBooking@51f116b8]" started-at="2024-03-14T11:51:07Z" name="setUp" finished-at="2024-03-14T11:51:28Z" duration-ms="20114" status="PASS">
          <reporter-output>
          </reporter-output>
        </test-method> <!-- setUp -->
        <test-method signature="SelectDepartureReturnTest(java.lang.String, java.lang.String)[pri:1, instance:com.crm.qa.testcases.FlightBooking@51f116b8]" started-at="2024-03-14T11:51:28Z" name="SelectDepartureReturnTest" finished-at="2024-03-14T11:52:12Z" duration-ms="44653" status="PASS">
          <params>
            <param index="0">
              <value>
                <![CDATA[Dubai]]>
              </value>
            </param>
            <param index="1">
              <value>
                <![CDATA[Muscat]]>
              </value>
            </param>
          </params>
          <reporter-output>
          </reporter-output>
        </test-method> <!-- SelectDepartureReturnTest -->
        <test-method signature="FlightSelectionPageTest()[pri:2, instance:com.crm.qa.testcases.FlightBooking@51f116b8]" started-at="2024-03-14T11:52:12Z" name="FlightSelectionPageTest" finished-at="2024-03-14T11:52:27Z" duration-ms="14690" status="PASS">
          <reporter-output>
          </reporter-output>
        </test-method> <!-- FlightSelectionPageTest -->
        <test-method signature="AddExtraBaggageAndGetFlightDetailsTest()[pri:3, instance:com.crm.qa.testcases.FlightBooking@51f116b8]" started-at="2024-03-14T11:52:27Z" name="AddExtraBaggageAndGetFlightDetailsTest" finished-at="2024-03-14T11:52:54Z" duration-ms="26640" status="PASS">
          <reporter-output>
          </reporter-output>
        </test-method> <!-- AddExtraBaggageAndGetFlightDetailsTest -->
        <test-method signature="ReviewBookingTest(java.lang.String, java.lang.String, java.lang.String, java.lang.String)[pri:4, instance:com.crm.qa.testcases.FlightBooking@51f116b8]" started-at="2024-03-14T11:52:54Z" name="ReviewBookingTest" finished-at="2024-03-14T11:53:11Z" duration-ms="17738" status="PASS">
          <params>
            <param index="0">
              <value>
                <![CDATA[test first]]>
              </value>
            </param>
            <param index="1">
              <value>
                <![CDATA[test Last]]>
              </value>
            </param>
            <param index="2">
              <value>
                <![CDATA[test@gmail.com]]>
              </value>
            </param>
            <param index="3">
              <value>
                <![CDATA[9995222269]]>
              </value>
            </param>
          </params>
          <reporter-output>
          </reporter-output>
        </test-method> <!-- ReviewBookingTest -->
        <test-method signature="ValidateFlightSummaryDetailsTest()[pri:5, instance:com.crm.qa.testcases.FlightBooking@51f116b8]" started-at="2024-03-14T11:53:11Z" name="ValidateFlightSummaryDetailsTest" finished-at="2024-03-14T11:53:26Z" duration-ms="14396" status="PASS">
          <reporter-output>
          </reporter-output>
        </test-method> <!-- ValidateFlightSummaryDetailsTest -->
        <test-method is-config="true" signature="tearDown()[pri:0, instance:com.crm.qa.testcases.FlightBooking@51f116b8]" started-at="2024-03-14T11:53:26Z" name="tearDown" finished-at="2024-03-14T11:53:26Z" duration-ms="560" status="PASS">
          <reporter-output>
          </reporter-output>
        </test-method> <!-- tearDown -->
      </class> <!-- com.crm.qa.testcases.FlightBooking -->
    </test> <!-- FlyDubai flight ticket Booking -->
  </suite> <!-- FLY DUBAI Test Automation Test Suite -->
</testng-results>
